Erreur détectée : Erreur lors de la mise à jour : Command '['git', 'pull']' returned non-zero exit status 1.
Recherche web effectuée : https://www.google.com/search?q=Corriger+l'erreur+Python+:+Erreur+lors+de+la+mise+à+jour+:+Command+'['git',+'pull']'+returned+non-zero+exit+status+1.

Correction suggérée pour erreur Erreur lors de la mise à jour : Command '['git', 'pull']' returned non-zero exit status 1.
: Recherche en cours : https://www.google.com/search?q=Corriger+l'erreur+Python+:+Erreur+lors+de+la+mise+à+jour+:+Command+'['git',+'pull']'+returned+non-zero+exit+status+1.

Détection des faiblesses effectuée.
Erreur détectée : Erreur lors de la mise à jour : Command '['git', 'pull']' returned non-zero exit status 1.
Recherche web effectuée : https://www.google.com/search?q=Corriger+l'erreur+Python+:+Erreur+lors+de+la+mise+à+jour+:+Command+'['git',+'pull']'+returned+non-zero+exit+status+1.

Correction suggérée pour erreur Erreur lors de la mise à jour : Command '['git', 'pull']' returned non-zero exit status 1.
: Recherche en cours : https://www.google.com/search?q=Corriger+l'erreur+Python+:+Erreur+lors+de+la+mise+à+jour+:+Command+'['git',+'pull']'+returned+non-zero+exit+status+1.

Détection des faiblesses effectuée.
Interprétation de la commande : salut
Interprétation de la commande : cv
Interprétation de la commande : aiden
Interprétation de la commande : bonjour
Erreur détectée : Erreur lors de la mise à jour : Command '['git', 'pull']' returned non-zero exit status 1.
Recherche web effectuée : https://www.google.com/search?q=Corriger+l'erreur+Python+:+Erreur+lors+de+la+mise+à+jour+:+Command+'['git',+'pull']'+returned+non-zero+exit+status+1.

Correction suggérée pour erreur Erreur lors de la mise à jour : Command '['git', 'pull']' returned non-zero exit status 1.
: Recherche en cours : https://www.google.com/search?q=Corriger+l'erreur+Python+:+Erreur+lors+de+la+mise+à+jour+:+Command+'['git',+'pull']'+returned+non-zero+exit+status+1.

Excuse formulée après correction d'une erreur.
Détection des faiblesses effectuée.
Erreur détectée : Erreur lors du clonage GitHub : Command '['git', 'clone', 'https://github.com/exemple/exemple-repo', 'github_ressources']' returned non-zero exit status 128.
Recherche web effectuée : https://www.google.com/search?q=Corriger+l'erreur+Python+:+Erreur+lors+du+clonage+GitHub+:+Command+'['git',+'clone',+'https://github.com/exemple/exemple-repo',+'github_ressources']'+returned+non-zero+exit+status+128.

Correction suggérée pour erreur Erreur lors du clonage GitHub : Command '['git', 'clone', 'https://github.com/exemple/exemple-repo', 'github_ressources']' returned non-zero exit status 128.
: Recherche en cours : https://www.google.com/search?q=Corriger+l'erreur+Python+:+Erreur+lors+du+clonage+GitHub+:+Command+'['git',+'clone',+'https://github.com/exemple/exemple-repo',+'github_ressources']'+returned+non-zero+exit+status+128.

Excuse formulée après correction d'une erreur.
Recherche web effectuée : https://www.google.com/search?q=salut
Erreur détectée : Erreur lors de la mise à jour : Command '['git', 'pull']' returned non-zero exit status 1.
Détection des faiblesses effectuée.
Erreur détectée : Erreur lors de la mise à jour : Command '['git', 'pull']' returned non-zero exit status 1.
Tentative de correction pour : Erreur lors de la mise à jour : Command '['git', 'pull']' returned non-zero exit status 1.
Tentative de correction pour : Erreur lors de la mise à jour : Command '['git', 'pull']' returned non-zero exit status 1.
Toutes les erreurs ont été traitées.
Aucune amélioration immédiate détectée.
